{"numFailedTestSuites":0,"numFailedTests":0,"numPassedTestSuites":1,"numPassedTests":5,"numPendingTestSuites":0,"numPendingTests":0,"numRuntimeErrorTestSuites":0,"numTodoTests":0,"numTotalTestSuites":1,"numTotalTests":5,"openHandles":[],"snapshot":{"added":0,"didUpdate":false,"failure":false,"filesAdded":0,"filesRemoved":0,"filesRemovedList":[],"filesUnmatched":0,"filesUpdated":0,"matched":0,"total":0,"unchecked":0,"uncheckedKeysByFile":[],"unmatched":0,"updated":0},"startTime":1750000467969,"success":true,"testResults":[{"assertionResults":[{"ancestorTitles":["App component"],"failureMessages":[],"fullName":"App component initial state is set up correctly after async setup","location":null,"status":"passed","title":"initial state is set up correctly after async setup"},{"ancestorTitles":["App component"],"failureMessages":[],"fullName":"App component should toggle play/pause button text and call play/pause","location":null,"status":"passed","title":"should toggle play/pause button text and call play/pause"},{"ancestorTitles":["App component"],"failureMessages":[],"fullName":"App component stop functionality should reset button text and call pause","location":null,"status":"passed","title":"stop functionality should reset button text and call pause"},{"ancestorTitles":["App component"],"failureMessages":[],"fullName":"App component should display the first lyric after playing for a short time","location":null,"status":"passed","title":"should display the first lyric after playing for a short time"},{"ancestorTitles":["App component"],"failureMessages":[],"fullName":"App component audio ended event should reset play button","location":null,"status":"passed","title":"audio ended event should reset play button"}],"endTime":1750000470097,"message":"","name":"/app/react-audio-player/src/App.test.js","startTime":1750000468841,"status":"passed","summary":""}],"wasInterrupted":false}